# JRE version: Java(TM) SE Runtime Environment (17.0.1+12) (build 17.0.1+12-LTS-39)
# Java VM: Java HotSpot(TM) 64-Bit Server VM (17.0.1+12-LTS-39, mixed mode, sharing, tiered, compressed oops, compressed class ptrs, g1 gc, windows-amd64)
GC Precious Log:
 CPUs: 8 total, 8 available
 Memory: 16167M
 Large Page Support: Disabled
 NUMA Support: Disabled
 Compressed Oops: Enabled (Zero based)
 Heap Region Size: 2M
 Heap Min Capacity: 8M
 Heap Initial Capacity: 254M
 Heap Max Capacity: 4042M
 Pre-touch: Disabled
 Parallel Workers: 8
 Concurrent Workers: 2
 Concurrent Refinement Workers: 8
 Periodic GC: Disabled
Heap:
 garbage-first heap   total 520192K, used 235835K [0x0000000703600000, 0x0000000800000000)
  region size 2048K, 28 young (57344K), 1 survivors (2048K)
 Metaspace       used 9208K, committed 9472K, reserved 1064960K
  class space    used 881K, committed 1024K, reserved 1048576K
GC Heap History (20 events):
Event: 113.541 GC heap before
{Heap before GC invocations=198 (full 0):
 garbage-first heap   total 520192K, used 350526K [0x0000000703600000, 0x0000000800000000)
  region size 2048K, 60 young (122880K), 1 survivors (2048K)
 Metaspace       used 9208K, committed 9472K, reserved 1064960K
  class space    used 881K, committed 1024K, reserved 1048576K
}
Event: 113.542 GC heap after
{Heap after GC invocations=199 (full 0):
 garbage-first heap   total 520192K, used 115001K [0x0000000703600000, 0x0000000800000000)
  region size 2048K, 1 young (2048K), 1 survivors (2048K)
 Metaspace       used 9208K, committed 9472K, reserved 1064960K
  class space    used 881K, committed 1024K, reserved 1048576K
}
Event: 114.213 GC heap before
{Heap before GC invocations=199 (full 0):
 garbage-first heap   total 520192K, used 366905K [0x0000000703600000, 0x0000000800000000)
  region size 2048K, 68 young (139264K), 1 survivors (2048K)
 Metaspace       used 9208K, committed 9472K, reserved 1064960K
  class space    used 881K, committed 1024K, reserved 1048576K
}
Event: 114.215 GC heap after
{Heap after GC invocations=200 (full 0):
 garbage-first heap   total 520192K, used 127293K [0x0000000703600000, 0x0000000800000000)
  region size 2048K, 1 young (2048K), 1 survivors (2048K)
 Metaspace       used 9208K, committed 9472K, reserved 1064960K
  class space    used 881K, committed 1024K, reserved 1048576K
}
Event: 114.719 GC heap before
{Heap before GC invocations=200 (full 0):
 garbage-first heap   total 520192K, used 350525K [0x0000000703600000, 0x0000000800000000)
  region size 2048K, 60 young (122880K), 1 survivors (2048K)
 Metaspace       used 9208K, committed 9472K, reserved 1064960K
  class space    used 881K, committed 1024K, reserved 1048576K
}
Event: 114.721 GC heap after
{Heap after GC invocations=201 (full 0):
 garbage-first heap   total 520192K, used 115004K [0x0000000703600000, 0x0000000800000000)
  region size 2048K, 1 young (2048K), 1 survivors (2048K)
 Metaspace       used 9208K, committed 9472K, reserved 1064960K
  class space    used 881K, committed 1024K, reserved 1048576K
}
Event: 115.281 GC heap before
{Heap before GC invocations=201 (full 0):
 garbage-first heap   total 520192K, used 366908K [0x0000000703600000, 0x0000000800000000)
  region size 2048K, 68 young (139264K), 1 survivors (2048K)
 Metaspace       used 9208K, committed 9472K, reserved 1064960K
  class space    used 881K, committed 1024K, reserved 1048576K
}
Event: 115.282 GC heap after
{Heap after GC invocations=202 (full 0):
 garbage-first heap   total 520192K, used 127291K [0x0000000703600000, 0x0000000800000000)
  region size 2048K, 1 young (2048K), 1 survivors (2048K)
 Metaspace       used 9208K, committed 9472K, reserved 1064960K
  class space    used 881K, committed 1024K, reserved 1048576K
}
Event: 115.913 GC heap before
{Heap before GC invocations=202 (full 0):
 garbage-first heap   total 520192K, used 350523K [0x0000000703600000, 0x0000000800000000)
  region size 2048K, 60 young (122880K), 1 survivors (2048K)
 Metaspace       used 9208K, committed 9472K, reserved 1064960K
  class space    used 881K, committed 1024K, reserved 1048576K
}
Event: 115.915 GC heap after
{Heap after GC invocations=203 (full 0):
 garbage-first heap   total 520192K, used 115005K [0x0000000703600000, 0x0000000800000000)
  region size 2048K, 1 young (2048K), 1 survivors (2048K)
 Metaspace       used 9208K, committed 9472K, reserved 1064960K
  class space    used 881K, committed 1024K, reserved 1048576K
}
Event: 116.585 GC heap before
{Heap before GC invocations=203 (full 0):
 garbage-first heap   total 520192K, used 366909K [0x0000000703600000, 0x0000000800000000)
  region size 2048K, 68 young (139264K), 1 survivors (2048K)
 Metaspace       used 9208K, committed 9472K, reserved 1064960K
  class space    used 881K, committed 1024K, reserved 1048576K
}
Event: 116.586 GC heap after
{Heap after GC invocations=204 (full 0):
 garbage-first heap   total 520192K, used 127292K [0x0000000703600000, 0x0000000800000000)
  region size 2048K, 1 young (2048K), 1 survivors (2048K)
 Metaspace       used 9208K, committed 9472K, reserved 1064960K
  class space    used 881K, committed 1024K, reserved 1048576K
}
Event: 117.146 GC heap before
{Heap before GC invocations=204 (full 0):
 garbage-first heap   total 520192K, used 350524K [0x0000000703600000, 0x0000000800000000)
  region size 2048K, 60 young (122880K), 1 survivors (2048K)
 Metaspace       used 9208K, committed 9472K, reserved 1064960K
  class space    used 881K, committed 1024K, reserved 1048576K
}
Event: 117.147 GC heap after
{Heap after GC invocations=205 (full 0):
 garbage-first heap   total 520192K, used 115003K [0x0000000703600000, 0x0000000800000000)
  region size 2048K, 1 young (2048K), 1 survivors (2048K)
 Metaspace       used 9208K, committed 9472K, reserved 1064960K
  class space    used 881K, committed 1024K, reserved 1048576K
}
Event: 117.798 GC heap before
{Heap before GC invocations=205 (full 0):
 garbage-first heap   total 520192K, used 366907K [0x0000000703600000, 0x0000000800000000)
  region size 2048K, 68 young (139264K), 1 survivors (2048K)
 Metaspace       used 9208K, committed 9472K, reserved 1064960K
  class space    used 881K, committed 1024K, reserved 1048576K
}
Event: 117.800 GC heap after
{Heap after GC invocations=206 (full 0):
 garbage-first heap   total 520192K, used 127293K [0x0000000703600000, 0x0000000800000000)
  region size 2048K, 1 young (2048K), 1 survivors (2048K)
 Metaspace       used 9208K, committed 9472K, reserved 1064960K
  class space    used 881K, committed 1024K, reserved 1048576K
}
Event: 118.302 GC heap before
{Heap before GC invocations=206 (full 0):
 garbage-first heap   total 520192K, used 350525K [0x0000000703600000, 0x0000000800000000)
  region size 2048K, 60 young (122880K), 1 survivors (2048K)
 Metaspace       used 9208K, committed 9472K, reserved 1064960K
  class space    used 881K, committed 1024K, reserved 1048576K
}
Event: 118.303 GC heap after
{Heap after GC invocations=207 (full 0):
 garbage-first heap   total 520192K, used 115001K [0x0000000703600000, 0x0000000800000000)
  region size 2048K, 1 young (2048K), 1 survivors (2048K)
 Metaspace       used 9208K, committed 9472K, reserved 1064960K
  class space    used 881K, committed 1024K, reserved 1048576K
}
Event: 118.900 GC heap before
{Heap before GC invocations=207 (full 0):
 garbage-first heap   total 520192K, used 366905K [0x0000000703600000, 0x0000000800000000)
  region size 2048K, 68 young (139264K), 1 survivors (2048K)
 Metaspace       used 9208K, committed 9472K, reserved 1064960K
  class space    used 881K, committed 1024K, reserved 1048576K
}
Event: 118.902 GC heap after
{Heap after GC invocations=208 (full 0):
 garbage-first heap   total 520192K, used 127291K [0x0000000703600000, 0x0000000800000000)
  region size 2048K, 1 young (2048K), 1 survivors (2048K)
 Metaspace       used 9208K, committed 9472K, reserved 1064960K
  class space    used 881K, committed 1024K, reserved 1048576K
}

